<?xml version="1.0" encoding="UTF-8"?>
<!-- Generated by org.testng.reporters.JUnitXMLReporter -->
<testsuite hostname="admin-PC" ignored="0" name="Test" tests="3" failures="0" timestamp="26 Dec 2019 06:26:20 GMT" time="310.574" errors="0">
  <testcase name="testscript" time="51.059" classname="testclasses.GmailTest1"/>
  <testcase name="testscript" time="102.525" classname="testclasses.GmailTest2"/>
  <testcase name="testscript" time="51.321" classname="testclasses.GmailTest3"/>
</testsuite> <!-- Test -->
